2023-09-14 19:16:19,986 p=6674 u=ubuntu n=ansible | PLAY [Generate artifact, copy artifact & sql file to files directory] *************************************************************************************************************************************
2023-09-14 19:16:20,002 p=6674 u=ubuntu n=ansible | TASK [Gathering Facts] ************************************************************************************************************************************************************************************
2023-09-14 19:16:21,829 p=6674 u=ubuntu n=ansible | ok: [localhost]
2023-09-14 19:16:21,840 p=6674 u=ubuntu n=ansible | TASK [Install jdk, maven, git] ****************************************************************************************************************************************************************************
2023-09-14 19:17:14,605 p=6674 u=ubuntu n=ansible | ok: [localhost] => (item=git)
2023-09-14 19:18:33,510 p=6674 u=ubuntu n=ansible | changed: [localhost] => (item=openjdk-8-jdk)
2023-09-14 19:18:52,265 p=6674 u=ubuntu n=ansible | changed: [localhost] => (item=maven)
2023-09-14 19:18:52,282 p=6674 u=ubuntu n=ansible | TASK [Clone source code from Github] **********************************************************************************************************************************************************************
2023-09-14 19:18:58,907 p=6674 u=ubuntu n=ansible | changed: [localhost]
2023-09-14 19:18:58,912 p=6674 u=ubuntu n=ansible | PLAY RECAP ************************************************************************************************************************************************************************************************
2023-09-14 19:18:58,913 p=6674 u=ubuntu n=ansible | localhost                  : ok=3    changed=2    unreachable=0    failed=0    skipped=0    rescued=0    ignored=0   
2023-09-14 19:26:38,270 p=12264 u=ubuntu n=ansible | PLAY [Set host to IP Mapping in /etc/hosts file of all the instances in the stack] ************************************************************************************************************************
2023-09-14 19:26:38,330 p=12264 u=ubuntu n=ansible | TASK [Gathering Facts] ************************************************************************************************************************************************************************************
2023-09-14 19:26:40,345 p=12264 u=ubuntu n=ansible | ok: [rmq01]
2023-09-14 19:26:40,357 p=12264 u=ubuntu n=ansible | ok: [app01]
2023-09-14 19:26:40,390 p=12264 u=ubuntu n=ansible | ok: [web01]
2023-09-14 19:26:40,457 p=12264 u=ubuntu n=ansible | ok: [mc01]
2023-09-14 19:26:40,705 p=12264 u=ubuntu n=ansible | ok: [cntl]
2023-09-14 19:26:41,845 p=12264 u=ubuntu n=ansible | ok: [db01]
2023-09-14 19:26:41,857 p=12264 u=ubuntu n=ansible | TASK [Import VPC setup variable] **************************************************************************************************************************************************************************
2023-09-14 19:26:41,912 p=12264 u=ubuntu n=ansible | ok: [cntl]
2023-09-14 19:26:41,938 p=12264 u=ubuntu n=ansible | ok: [web01]
2023-09-14 19:26:41,962 p=12264 u=ubuntu n=ansible | ok: [app01]
2023-09-14 19:26:41,993 p=12264 u=ubuntu n=ansible | ok: [rmq01]
2023-09-14 19:26:41,994 p=12264 u=ubuntu n=ansible | ok: [mc01]
2023-09-14 19:26:42,002 p=12264 u=ubuntu n=ansible | ok: [db01]
2023-09-14 19:26:42,013 p=12264 u=ubuntu n=ansible | TASK [Update hosts file for all the hosts] ****************************************************************************************************************************************************************
2023-09-14 19:26:43,041 p=12264 u=ubuntu n=ansible | changed: [app01]
2023-09-14 19:26:43,043 p=12264 u=ubuntu n=ansible | changed: [mc01]
2023-09-14 19:26:43,044 p=12264 u=ubuntu n=ansible | changed: [rmq01]
2023-09-14 19:26:43,044 p=12264 u=ubuntu n=ansible | changed: [web01]
2023-09-14 19:26:43,106 p=12264 u=ubuntu n=ansible | changed: [cntl]
2023-09-14 19:26:43,390 p=12264 u=ubuntu n=ansible | changed: [db01]
2023-09-14 19:26:43,395 p=12264 u=ubuntu n=ansible | PLAY RECAP ************************************************************************************************************************************************************************************************
2023-09-14 19:26:43,395 p=12264 u=ubuntu n=ansible | app01                      : ok=3    changed=1    unreachable=0    failed=0    skipped=0    rescued=0    ignored=0   
2023-09-14 19:26:43,396 p=12264 u=ubuntu n=ansible | cntl                       : ok=3    changed=1    unreachable=0    failed=0    skipped=0    rescued=0    ignored=0   
2023-09-14 19:26:43,396 p=12264 u=ubuntu n=ansible | db01                       : ok=3    changed=1    unreachable=0    failed=0    skipped=0    rescued=0    ignored=0   
2023-09-14 19:26:43,397 p=12264 u=ubuntu n=ansible | mc01                       : ok=3    changed=1    unreachable=0    failed=0    skipped=0    rescued=0    ignored=0   
2023-09-14 19:26:43,397 p=12264 u=ubuntu n=ansible | rmq01                      : ok=3    changed=1    unreachable=0    failed=0    skipped=0    rescued=0    ignored=0   
2023-09-14 19:26:43,397 p=12264 u=ubuntu n=ansible | web01                      : ok=3    changed=1    unreachable=0    failed=0    skipped=0    rescued=0    ignored=0   
2023-09-14 21:15:30,978 p=14383 u=ubuntu n=ansible | ERROR! conflicting action statements: copy, src

The error appears to be in '/home/ubuntu/ansible-aws-vpc/provision-stack/build.yml': line 36, column 7, but may
be elsewhere in the file depending on the exact syntax problem.

The offending line appears to be:


    - name: Copy SQL file to files directory
      ^ here

2023-09-14 21:16:52,834 p=14544 u=ubuntu n=ansible | ERROR! Syntax Error while loading YAML.
  did not find expected '-' indicator

The error appears to be in '/home/ubuntu/ansible-aws-vpc/provision-stack/memcache.yml': line 10, column 5, but may
be elsewhere in the file depending on the exact syntax problem.

The offending line appears to be:

      cache_valid_time: 86400
    tags:
    ^ here

2023-09-14 21:19:29,009 p=14731 u=ubuntu n=ansible | PLAY [Generate artifact, copy artifact & sql file to files directory] *************************************************************************************************************************************
2023-09-14 21:19:29,023 p=14731 u=ubuntu n=ansible | TASK [Gathering Facts] ************************************************************************************************************************************************************************************
2023-09-14 21:19:30,185 p=14731 u=ubuntu n=ansible | ok: [localhost]
2023-09-14 21:19:30,196 p=14731 u=ubuntu n=ansible | TASK [Install jdk, maven, git] ****************************************************************************************************************************************************************************
2023-09-14 21:19:42,844 p=14731 u=ubuntu n=ansible | ok: [localhost] => (item=git)
2023-09-14 21:19:45,799 p=14731 u=ubuntu n=ansible | ok: [localhost] => (item=openjdk-8-jdk)
2023-09-14 21:19:48,295 p=14731 u=ubuntu n=ansible | ok: [localhost] => (item=maven)
2023-09-14 21:19:48,311 p=14731 u=ubuntu n=ansible | TASK [Clone source code from Github] **********************************************************************************************************************************************************************
2023-09-14 21:19:49,462 p=14731 u=ubuntu n=ansible | ok: [localhost]
2023-09-14 21:19:49,476 p=14731 u=ubuntu n=ansible | TASK [mvn install command to buid artifact] ***************************************************************************************************************************************************************
2023-09-14 21:19:49,611 p=14731 u=ubuntu n=ansible | skipping: [localhost]
2023-09-14 21:19:49,623 p=14731 u=ubuntu n=ansible | TASK [Copy artifacts to files directory] ******************************************************************************************************************************************************************
2023-09-14 21:19:49,635 p=16266 u=ubuntu n=ansible | [WARNING]: Unable to find 'Vprofile-repo/target' in expected paths (use -vvvvv to see paths)

2023-09-14 21:19:49,648 p=14731 u=ubuntu n=ansible | TASK [Copy SQL file to files directory] *******************************************************************************************************************************************************************
2023-09-14 21:19:49,898 p=14731 u=ubuntu n=ansible | An exception occurred during task execution. To see the full traceback, use -vvv. The error was: If you are using a module and expect the file to exist on the remote, see the remote_src option
2023-09-14 21:19:49,901 p=14731 u=ubuntu n=ansible | fatal: [localhost]: FAILED! => {"changed": false, "msg": "Could not find or access 'Vprofile-repo/src/main/resource/db_backup.sql'\nSearched in:\n\t/home/ubuntu/ansible-aws-vpc/provision-stack/files/Vprofile-repo/src/main/resource/db_backup.sql\n\t/home/ubuntu/ansible-aws-vpc/provision-stack/Vprofile-repo/src/main/resource/db_backup.sql\n\t/home/ubuntu/ansible-aws-vpc/provision-stack/files/Vprofile-repo/src/main/resource/db_backup.sql\n\t/home/ubuntu/ansible-aws-vpc/provision-stack/Vprofile-repo/src/main/resource/db_backup.sql on the Ansible Controller.\nIf you are using a module and expect the file to exist on the remote, see the remote_src option"}
2023-09-14 21:19:49,907 p=14731 u=ubuntu n=ansible | PLAY RECAP ************************************************************************************************************************************************************************************************
2023-09-14 21:19:49,907 p=14731 u=ubuntu n=ansible | localhost                  : ok=3    changed=0    unreachable=0    failed=1    skipped=2    rescued=0    ignored=0   
2023-09-14 21:22:32,294 p=16345 u=ubuntu n=ansible | PLAY [Generate artifact, copy artifact & sql file to files directory] *************************************************************************************************************************************
2023-09-14 21:22:32,356 p=16345 u=ubuntu n=ansible | TASK [Gathering Facts] ************************************************************************************************************************************************************************************
2023-09-14 21:22:33,745 p=16345 u=ubuntu n=ansible | ok: [localhost]
2023-09-14 21:22:33,757 p=16345 u=ubuntu n=ansible | TASK [Install  jdk, maven, git] ***************************************************************************************************************************************************************************
2023-09-14 21:22:36,475 p=16345 u=ubuntu n=ansible | ok: [localhost] => (item=git)
2023-09-14 21:22:39,027 p=16345 u=ubuntu n=ansible | ok: [localhost] => (item=openjdk-8-jdk)
2023-09-14 21:22:41,647 p=16345 u=ubuntu n=ansible | ok: [localhost] => (item=maven)
2023-09-14 21:22:41,660 p=16345 u=ubuntu n=ansible | TASK [Clone source code from github] **********************************************************************************************************************************************************************
2023-09-14 21:22:42,410 p=16345 u=ubuntu n=ansible | changed: [localhost]
2023-09-14 21:22:42,422 p=16345 u=ubuntu n=ansible | TASK [mvn install command to build artifact] **************************************************************************************************************************************************************
2023-09-14 21:23:27,112 p=16345 u=ubuntu n=ansible | changed: [localhost]
2023-09-14 21:23:27,135 p=16345 u=ubuntu n=ansible | TASK [Copy artifacts to files directory] ******************************************************************************************************************************************************************
2023-09-14 21:23:29,077 p=16345 u=ubuntu n=ansible | changed: [localhost] => (item=/home/ubuntu/ansible-aws-vpc/provision-stack/Vprofile-repo/target/vprofile-v2.war)
2023-09-14 21:23:29,089 p=16345 u=ubuntu n=ansible | TASK [Copy SQL file to files directory] *******************************************************************************************************************************************************************
2023-09-14 21:23:29,554 p=16345 u=ubuntu n=ansible | changed: [localhost]
2023-09-14 21:23:29,559 p=16345 u=ubuntu n=ansible | PLAY [Set host to IP Mapping in /etc/hosts file of all the instances in the stack] ************************************************************************************************************************
2023-09-14 21:23:29,566 p=16345 u=ubuntu n=ansible | TASK [Gathering Facts] ************************************************************************************************************************************************************************************
2023-09-14 21:23:30,934 p=16345 u=ubuntu n=ansible | ok: [rmq01]
2023-09-14 21:23:30,940 p=16345 u=ubuntu n=ansible | ok: [mc01]
2023-09-14 21:23:31,999 p=16345 u=ubuntu n=ansible | ok: [db01]
2023-09-14 21:29:42,421 p=16345 u=ubuntu n=ansible |  [ERROR]: User interrupted execution

